Arguments: 
  /usr/local/bin/node /usr/local/bin/yarn start

PATH: 
  /usr/bin:/bin:/usr/sbin:/sbin:/usr/local/bin

Yarn version: 
  1.5.1

Node version: 
  8.4.0

Platform: 
  darwin x64

npm manifest: 
  {
    "name": "ourjs",
    "description": "Free Blog Engine, Forum System, Website Template and CMS Platform based on Node.JS and Redis",
    "repository": "http://github.com/newghost/ourjs",
    "version": "0.1.1",
    "scripts": {
      "start": "node ./svr/ourjs.js config.js"
    },
    "dependencies": {
      "websvr": "0.1.x",
      "websvr-redis": "0.0.x",
      "cssshrink": "0.x",
      "uglify-js": "1.x",
      "redis": "2.2.5",
      "redblade": "0.0.x"
    }
  }

yarn manifest: 
  No manifest

Lockfile: 
  No lockfile

Trace: 
  Error: Command failed.
  Exit code: 1
  Command: sh
  Arguments: -c node ./svr/ourjs.js config.js
  Directory: /user/maqun/Documents/ourjs
  Output:
  
      at ProcessTermError.MessageError (/usr/local/lib/node_modules/yarn/lib/cli.js:186:110)
      at new ProcessTermError (/usr/local/lib/node_modules/yarn/lib/cli.js:226:113)
      at ChildProcess.<anonymous> (/usr/local/lib/node_modules/yarn/lib/cli.js:30281:17)
      at emitTwo (events.js:125:13)
      at ChildProcess.emit (events.js:213:7)
      at maybeClose (internal/child_process.js:927:16)
      at Process.ChildProcess._handle.onexit (internal/child_process.js:211:5)
